<?xml version="1.0" encoding="UTF-8"?>
<testsuite name="com.bridgelabz.indiancensusanalyser.CensusAnalyserTest" tests="1" skipped="0" failures="0" errors="0" timestamp="2020-09-06T18:00:04" hostname="DESKTOP-H88E5E6" time="0.27">
  <properties/>
  <testcase name="givenIndiaCensusData_WithWrongFileType_ShouldThrowException" classname="com.bridgelabz.indiancensusanalyser.CensusAnalyserTest" time="0.27"/>
  <system-out><![CDATA[try block
]]></system-out>
  <system-err><![CDATA[]]></system-err>
</testsuite>
