<?xml version="1.0" encoding="UTF-8"?>
<testsuite name="com.bridgelabz.indiancensusanalyser.CensusAnalyserTest" tests="7" skipped="0" failures="0" errors="0" timestamp="2020-09-08T22:08:24" hostname="DESKTOP-H88E5E6" time="0.992">
  <properties/>
  <testcase name="givenIndiaCensusData_WithWrongFileType_ShouldThrowException" classname="com.bridgelabz.indiancensusanalyser.CensusAnalyserTest" time="0.594"/>
  <testcase name="givenIndianCensusData_WhenSortedOneState_Code_ShouldReturnSortResult" classname="com.bridgelabz.indiancensusanalyser.CensusAnalyserTest" time="0.009"/>
  <testcase name="given_IndianCensusCSVFil_Should_ReturnsCorrectRecords" classname="com.bridgelabz.indiancensusanalyser.CensusAnalyserTest" time="0.181"/>
  <testcase name="givenIndiaCensusData_WithWrongFile_ShouldThrowException" classname="com.bridgelabz.indiancensusanalyser.CensusAnalyserTest" time="0.001"/>
  <testcase name="givenIndianCensusData_WhenSortedOneState_ShouldReturnSortResult" classname="com.bridgelabz.indiancensusanalyser.CensusAnalyserTest" time="0.19"/>
  <testcase name="givenMissingHeader_InIndiaCensusData_ShouldReturnCustomExceptionType" classname="com.bridgelabz.indiancensusanalyser.CensusAnalyserTest" time="0.01"/>
  <testcase name="givenWrongDelimiter_InIndiaCensusData_ShouldReturnCustomExceptionType" classname="com.bridgelabz.indiancensusanalyser.CensusAnalyserTest" time="0.001"/>
  <system-out><![CDATA[]]></system-out>
  <system-err><![CDATA[]]></system-err>
</testsuite>
