<?xml version="1.0" encoding="UTF-8"?>
<testsuite name="com.bridgelabz.indiancensusanalyser.CensusAnalyserTest" tests="1" skipped="0" failures="0" errors="0" timestamp="2020-09-10T14:00:54" hostname="DESKTOP-H88E5E6" time="0.061">
  <properties/>
  <testcase name="givenIndianCensusData_WhenSortedOnPopulationDensity_ShouldReturnSortResult" classname="com.bridgelabz.indiancensusanalyser.CensusAnalyserTest" time="0.061"/>
  <system-out><![CDATA[]]></system-out>
  <system-err><![CDATA[]]></system-err>
</testsuite>
