<?xml version="1.0" encoding="UTF-8"?>
<testsuite name="com.bridgelabz.indiancensusanalyser.CensusAnalyserTest" tests="1" skipped="0" failures="0" errors="0" timestamp="2020-09-09T20:54:26" hostname="DESKTOP-H88E5E6" time="0.008">
  <properties/>
  <testcase name="givenWrongDelimiter_InIndiaCensusData_ShouldReturnCustomExceptionType" classname="com.bridgelabz.indiancensusanalyser.CensusAnalyserTest" time="0.008"/>
  <system-out><![CDATA[]]></system-out>
  <system-err><![CDATA[]]></system-err>
</testsuite>
