<?xml version="1.0" encoding="UTF-8"?>
<testsuite name="com.bridgelabz.indiancensusanalyser.StateCodeAnalyserTest" tests="5" skipped="0" failures="0" errors="0" timestamp="2020-09-08T22:25:14" hostname="DESKTOP-H88E5E6" time="0.544">
  <properties/>
  <testcase name="given_StateCodeCSV_Should_ReturnsCorrectRecords" classname="com.bridgelabz.indiancensusanalyser.StateCodeAnalyserTest" time="0.109"/>
  <testcase name="givenWrongDelimiter_InIndiaStateCodeData_ShouldReturnCustomExceptionType" classname="com.bridgelabz.indiancensusanalyser.StateCodeAnalyserTest" time="0.049"/>
  <testcase name="givenStaeCode_CSV_WithWrongFile_ShouldThrowException" classname="com.bridgelabz.indiancensusanalyser.StateCodeAnalyserTest" time="0.351"/>
  <testcase name="givenIndianCensusData_WhenSortedOneState_Code_ShouldReturnSortResult" classname="com.bridgelabz.indiancensusanalyser.StateCodeAnalyserTest" time="0.011"/>
  <testcase name="givenStaeCode_CSV_WithWrongFile_Path_ShouldThrowException" classname="com.bridgelabz.indiancensusanalyser.StateCodeAnalyserTest" time="0.001"/>
  <system-out><![CDATA[]]></system-out>
  <system-err><![CDATA[]]></system-err>
</testsuite>
