<?xml version="1.0" encoding="UTF-8"?>
<testsuite name="com.bridgelabz.indiancensusanalyser.CensusAnalyserTest" tests="1" skipped="0" failures="0" errors="0" timestamp="2020-09-10T20:36:24" hostname="DESKTOP-H88E5E6" time="0.373">
  <properties/>
  <testcase name="givenUSCensusData_Sorted_ShouldReturn_SortedValues" classname="com.bridgelabz.indiancensusanalyser.CensusAnalyserTest" time="0.373"/>
  <system-out><![CDATA[ERROR
]]></system-out>
  <system-err><![CDATA[]]></system-err>
</testsuite>
