<?xml version="1.0" encoding="UTF-8"?>
<testsuite name="com.bridgelabz.indiancensusanalyser.StateCodeAnalyserTest" tests="4" skipped="0" failures="0" errors="0" timestamp="2020-09-07T20:32:37" hostname="DESKTOP-H88E5E6" time="0.448">
  <properties/>
  <testcase name="given_StateCodeCSV_Should_ReturnsCorrectRecords" classname="com.bridgelabz.indiancensusanalyser.StateCodeAnalyserTest" time="0.156"/>
  <testcase name="givenWrongDelimiter_InIndiaStateCodeData_ShouldReturnCustomExceptionType" classname="com.bridgelabz.indiancensusanalyser.StateCodeAnalyserTest" time="0.001"/>
  <testcase name="givenStaeCode_CSV_WithWrongFile_ShouldThrowException" classname="com.bridgelabz.indiancensusanalyser.StateCodeAnalyserTest" time="0.288"/>
  <testcase name="givenStaeCode_CSV_WithWrongFile_Path_ShouldThrowException" classname="com.bridgelabz.indiancensusanalyser.StateCodeAnalyserTest" time="0.0"/>
  <system-out><![CDATA[]]></system-out>
  <system-err><![CDATA[]]></system-err>
</testsuite>
